build/outputs/logs/manifest-merger-debug-report.txt
-- Merging decision tree log ---
manifest
ADDED from src/main/AndroidManifest.xml:2:1-82:12
INJECTED from src/main/AndroidManifest.xml:2:1-82:12
INJECTED from src/main/AndroidManifest.xml:2:1-82:12
INJECTED from src/main/AndroidManifest.xml:2:1-82:12
MERGED from [tk.zielony:carbon:0.16.0.1] AndroidManifest.xml:2:1-11:12
MERGED from [androidx.databinding:databinding-adapters:3.4.1] AndroidManifest.xml:17:1-24:12
MERGED from [androidx.databinding:databinding-runtime:3.4.1] AndroidManifest.xml:17:1-24:12
MERGED from [com.mapzen.android:speakerbox:1.4.1] AndroidManifest.xml:2:1-17:12
MERGED from [com.karumi:dexter:6.2.2] AndroidManifest.xml:17:1-32:12
MERGED from [com.google.android.material:material:1.3.0] AndroidManifest.xml:17:1-24:12
MERGED from [androidx.constraintlayout:constraintlayout:2.0.4] AndroidManifest.xml:2:1-11:12
MERGED from [androidx.appcompat:appcompat:1.2.0] AndroidManifest.xml:17:1-24:12
MERGED from [androidx.gridlayout:gridlayout:1.0.0] AndroidManifest.xml:17:1-22:12
MERGED from [androidx.viewpager2:viewpager2:1.0.0] AndroidManifest.xml:17:1-24:12
MERGED from [androidx.fragment:fragment:1.1.0] AndroidManifest.xml:17:1-24:12
MERGED from [androidx.appcompat:appcompat-resources:1.2.0] AndroidManifest.xml:17:1-24:12
MERGED from [androidx.legacy:legacy-support-core-ui:1.0.0] AndroidManifest.xml:17:1-22:12
MERGED from [androidx.drawerlayout:drawerlayout:1.0.0] AndroidManifest.xml:17:1-22:12
MERGED from [androidx.coordinatorlayout:coordinatorlayout:1.1.0] AndroidManifest.xml:17:1-24:12
MERGED from [androidx.dynamicanimation:dynamicanimation:1.0.0] AndroidManifest.xml:17:1-22:12
MERGED from [androidx.transition:transition:1.2.0] AndroidManifest.xml:17:1-24:12
MERGED from [androidx.vectordrawable:vectordrawable-animated:1.1.0] AndroidManifest.xml:17:1-24:12
MERGED from [androidx.vectordrawable:vectordrawable:1.1.0] AndroidManifest.xml:17:1-24:12
MERGED from [androidx.viewpager:viewpager:1.0.0] AndroidManifest.xml:17:1-22:12
MERGED from [androidx.legacy:legacy-support-core-utils:1.0.0] AndroidManifest.xml:17:1-22:12
MERGED from [androidx.loader:loader:1.0.0] AndroidManifest.xml:17:1-22:12
MERGED from [androidx.activity:activity:1.0.0] AndroidManifest.xml:17:1-24:12
MERGED from [androidx.recyclerview:recyclerview:1.1.0] AndroidManifest.xml:17:1-24:12
MERGED from [androidx.slidingpanelayout:slidingpanelayout:1.0.0] AndroidManifest.xml:17:1-22:12
MERGED from [androidx.customview:customview:1.0.0] AndroidManifest.xml:17:1-22:12
MERGED from [androidx.swiperefreshlayout:swiperefreshlayout:1.0.0] AndroidManifest.xml:17:1-22:12
MERGED from [androidx.asynclayoutinflater:asynclayoutinflater:1.0.0] AndroidManifest.xml:17:1-22:12
MERGED from [androidx.core:core:1.3.2] AndroidManifest.xml:17:1-26:12
MERGED from [androidx.cardview:cardview:1.0.0] AndroidManifest.xml:17:1-22:12
MERGED from [androidx.multidex:multidex:2.0.1] AndroidManifest.xml:17:1-22:12
MERGED from [hound.android:hound-sdk:1.5.0] AndroidManifest.xml:2:1-16:12
MERGED from [hound.android:hound-sdk-core:1.5.0] AndroidManifest.xml:2:1-13:12
MERGED from [hound.android:phrasespotter:1.8.0] AndroidManifest.xml:2:1-13:12
MERGED from [androidx.lifecycle:lifecycle-runtime:2.1.0] AndroidManifest.xml:17:1-22:12
MERGED from [androidx.versionedparcelable:versionedparcelable:1.1.0] AndroidManifest.xml:17:1-27:12
MERGED from [androidx.cursoradapter:cursoradapter:1.0.0] AndroidManifest.xml:17:1-22:12
MERGED from [androidx.interpolator:interpolator:1.0.0] AndroidManifest.xml:17:1-22:12
MERGED from [androidx.lifecycle:lifecycle-viewmodel:2.1.0] AndroidManifest.xml:17:1-22:12
MERGED from [androidx.savedstate:savedstate:1.0.0] AndroidManifest.xml:17:1-24:12
MERGED from [androidx.documentfile:documentfile:1.0.0] AndroidManifest.xml:17:1-22:12
MERGED from [androidx.localbroadcastmanager:localbroadcastmanager:1.0.0] AndroidManifest.xml:17:1-22:12
MERGED from [androidx.print:print:1.0.0] AndroidManifest.xml:17:1-22:12
MERGED from [androidx.lifecycle:lifecycle-livedata:2.0.0] AndroidManifest.xml:17:1-22:12
MERGED from [androidx.lifecycle:lifecycle-livedata-core:2.0.0] AndroidManifest.xml:17:1-22:12
MERGED from [androidx.arch.core:core-runtime:2.0.0] AndroidManifest.xml:17:1-22:12
MERGED from [androidx.annotation:annotation-experimental:1.0.0] AndroidManifest.xml:17:1-24:12
MERGED from [soundhound.android:speex:1.3.0] AndroidManifest.xml:2:1-13:12
MERGED from [soundhound.android:ogg-opus-encoder:1.0.0] AndroidManifest.xml:2:1-11:12
MERGED from [soundhound.android:vad:1.2.0] AndroidManifest.xml:2:1-13:12
INJECTED from src/main/AndroidManifest.xml:2:1-82:12
INJECTED from src/main/AndroidManifest.xml:2:1-82:12
INJECTED from src/main/AndroidManifest.xml:2:1-82:12
	package
		ADDED from src/main/AndroidManifest.xml:4:5-34
		INJECTED from src/main/AndroidManifest.xml
		INJECTED from src/main/AndroidManifest.xml
	android:versionName
		INJECTED from src/main/AndroidManifest.xml
		ADDED from src/main/AndroidManifest.xml:2:1-82:12
		INJECTED from src/main/AndroidManifest.xml
	xmlns:tools
		ADDED from src/main/AndroidManifest.xml:3:5-51
	android:versionCode
		INJECTED from src/main/AndroidManifest.xml
		ADDED from src/main/AndroidManifest.xml:2:1-82:12
		INJECTED from src/main/AndroidManifest.xml
	xmlns:android
		ADDED from src/main/AndroidManifest.xml:2:11-69
uses-permission#android.permission.CALL_PHONE
ADDED from src/main/AndroidManifest.xml:6:5-69
	android:name
		ADDED from src/main/AndroidManifest.xml:6:22-66
uses-permission#android.permission.INTERNET
ADDED from src/main/AndroidManifest.xml:7:5-67
MERGED from [hound.android:hound-sdk-core:1.5.0] AndroidManifest.xml:10:5-67
MERGED from [hound.android:hound-sdk-core:1.5.0] AndroidManifest.xml:10:5-67
	android:name
		ADDED from src/main/AndroidManifest.xml:7:22-64
uses-permission#android.permission.RECORD_AUDIO
ADDED from src/main/AndroidManifest.xml:8:5-71
	android:name
		ADDED from src/main/AndroidManifest.xml:8:22-68
uses-permission#android.permission.ACCESS_COARSE_LOCATION
ADDED from src/main/AndroidManifest.xml:9:5-81
	android:name
		ADDED from src/main/AndroidManifest.xml:9:22-78
uses-permission#android.permission.ACCESS_FINE_LOCATION
ADDED from src/main/AndroidManifest.xml:10:5-79
	android:name
		ADDED from src/main/AndroidManifest.xml:10:22-76
uses-permission#android.permission.READ_CONTACTS
ADDED from src/main/AndroidManifest.xml:11:5-72
	android:name
		ADDED from src/main/AndroidManifest.xml:11:22-69
uses-permission#android.permission.WRITE_EXTERNAL_STORAGE
ADDED from src/main/AndroidManifest.xml:12:5-81
	android:name
		ADDED from src/main/AndroidManifest.xml:12:22-78
uses-permission#android.permission.READ_EXTERNAL_STORAGE
ADDED from src/main/AndroidManifest.xml:13:5-80
	android:name
		ADDED from src/main/AndroidManifest.xml:13:22-77
uses-permission#android.permission.MODIFY_AUDIO_SETTINGS
ADDED from src/main/AndroidManifest.xml:14:5-80
	android:name
		ADDED from src/main/AndroidManifest.xml:14:22-77
uses-permission#android.permission.BLUETOOTH
ADDED from src/main/AndroidManifest.xml:15:5-68
	android:name
		ADDED from src/main/AndroidManifest.xml:15:22-65
uses-permission#android.permission.BLUETOOTH_ADMIN
ADDED from src/main/AndroidManifest.xml:16:5-74
	android:name
		ADDED from src/main/AndroidManifest.xml:16:22-71
uses-permission#android.permission.DISABLE_KEYGUARD
ADDED from src/main/AndroidManifest.xml:17:5-75
	android:name
		ADDED from src/main/AndroidManifest.xml:17:22-72
uses-permission#android.permission.READ_SMS
ADDED from src/main/AndroidManifest.xml:18:5-67
	android:name
		ADDED from src/main/AndroidManifest.xml:18:22-64
uses-permission#android.permission.SEND_SMS
ADDED from src/main/AndroidManifest.xml:19:5-67
	android:name
		ADDED from src/main/AndroidManifest.xml:19:22-64
uses-permission#android.permission.WRITE_SMS
ADDED from src/main/AndroidManifest.xml:20:5-68
	android:name
		ADDED from src/main/AndroidManifest.xml:20:22-65
uses-permission#android.permission.WAKE_LOCK
ADDED from src/main/AndroidManifest.xml:21:5-68
	android:name
		ADDED from src/main/AndroidManifest.xml:21:22-65
application
ADDED from src/main/AndroidManifest.xml:23:5-80:19
MERGED from [com.mapzen.android:speakerbox:1.4.1] AndroidManifest.xml:11:5-15:19
MERGED from [com.mapzen.android:speakerbox:1.4.1] AndroidManifest.xml:11:5-15:19
MERGED from [com.karumi:dexter:6.2.2] AndroidManifest.xml:26:5-30:19
MERGED from [com.karumi:dexter:6.2.2] AndroidManifest.xml:26:5-30:19
MERGED from [com.google.android.material:material:1.3.0] AndroidManifest.xml:22:5-20
MERGED from [com.google.android.material:material:1.3.0] AndroidManifest.xml:22:5-20
MERGED from [androidx.constraintlayout:constraintlayout:2.0.4] AndroidManifest.xml:9:5-20
MERGED from [androidx.constraintlayout:constraintlayout:2.0.4] AndroidManifest.xml:9:5-20
MERGED from [androidx.core:core:1.3.2] AndroidManifest.xml:24:5-89
MERGED from [androidx.core:core:1.3.2] AndroidManifest.xml:24:5-89
MERGED from [hound.android:hound-sdk:1.5.0] AndroidManifest.xml:10:5-14:19
MERGED from [hound.android:hound-sdk:1.5.0] AndroidManifest.xml:10:5-14:19
MERGED from [hound.android:phrasespotter:1.8.0] AndroidManifest.xml:11:5-20
MERGED from [hound.android:phrasespotter:1.8.0] AndroidManifest.xml:11:5-20
MERGED from [androidx.versionedparcelable:versionedparcelable:1.1.0] AndroidManifest.xml:24:5-25:19
MERGED from [androidx.versionedparcelable:versionedparcelable:1.1.0] AndroidManifest.xml:24:5-25:19
MERGED from [soundhound.android:speex:1.3.0] AndroidManifest.xml:11:5-20
MERGED from [soundhound.android:speex:1.3.0] AndroidManifest.xml:11:5-20
MERGED from [soundhound.android:vad:1.2.0] AndroidManifest.xml:11:5-20
MERGED from [soundhound.android:vad:1.2.0] AndroidManifest.xml:11:5-20
	android:appComponentFactory
		ADDED from [androidx.core:core:1.3.2] AndroidManifest.xml:24:18-86
	android:supportsRtl
		ADDED from [com.mapzen.android:speakerbox:1.4.1] AndroidManifest.xml:14:9-35
	android:label
		ADDED from src/main/AndroidManifest.xml:27:9-41
	tools:ignore
		ADDED from src/main/AndroidManifest.xml:29:9-60
	android:icon
		ADDED from src/main/AndroidManifest.xml:26:9-43
	android:allowBackup
		ADDED from src/main/AndroidManifest.xml:25:9-35
	android:theme
		ADDED from src/main/AndroidManifest.xml:28:9-65
	android:name
		ADDED from src/main/AndroidManifest.xml:24:9-36
activity#com.houndify.sample.SplashActivity
ADDED from src/main/AndroidManifest.xml:30:9-40:20
	android:screenOrientation
		ADDED from src/main/AndroidManifest.xml:33:13-49
	android:label
		ADDED from src/main/AndroidManifest.xml:32:13-37
	android:name
		ADDED from src/main/AndroidManifest.xml:31:13-43
intent-filter#action:name:android.intent.action.MAIN+category:name:android.intent.category.DEFAULT+category:name:android.intent.category.LAUNCHER
ADDED from src/main/AndroidManifest.xml:35:13-39:29
category#android.intent.category.DEFAULT
ADDED from src/main/AndroidManifest.xml:36:17-76
	android:name
		ADDED from src/main/AndroidManifest.xml:36:27-73
category#android.intent.category.LAUNCHER
ADDED from src/main/AndroidManifest.xml:37:17-77
	android:name
		ADDED from src/main/AndroidManifest.xml:37:27-74
action#android.intent.action.MAIN
ADDED from src/main/AndroidManifest.xml:38:17-69
	android:name
		ADDED from src/main/AndroidManifest.xml:38:25-66
activity#com.houndify.sample.DashboardActivity
ADDED from src/main/AndroidManifest.xml:41:9-51:20
	android:label
		ADDED from src/main/AndroidManifest.xml:43:13-41
	android:name
		ADDED from src/main/AndroidManifest.xml:42:13-46
activity#com.houndify.sample.HoundifyVoiceSearchWithPhraseSpotterActivity
ADDED from src/main/AndroidManifest.xml:52:9-82
	android:name
		ADDED from src/main/AndroidManifest.xml:52:19-79
activity#com.houndify.sample.VoiceSearchActivity
ADDED from src/main/AndroidManifest.xml:53:9-77:20
	android:screenOrientation
		ADDED from src/main/AndroidManifest.xml:57:13-49
	android:label
		ADDED from src/main/AndroidManifest.xml:56:13-37
	android:excludeFromRecents
		ADDED from src/main/AndroidManifest.xml:55:13-46
	android:name
		ADDED from src/main/AndroidManifest.xml:54:13-48
intent-filter#action:name:android.Intent.ACTION_USER_PRESENT+action:name:android.intent.action.SCREEN_OFF+action:name:android.intent.action.SCREEN_ON+action:name:android.permission.WAKE_LOCK
ADDED from src/main/AndroidManifest.xml:58:13-66:29
action#android.intent.action.SCREEN_ON
ADDED from src/main/AndroidManifest.xml:62:17-74
	android:name
		ADDED from src/main/AndroidManifest.xml:62:25-71
action#android.intent.action.SCREEN_OFF
ADDED from src/main/AndroidManifest.xml:63:17-75
	android:name
		ADDED from src/main/AndroidManifest.xml:63:25-72
action#android.Intent.ACTION_USER_PRESENT
ADDED from src/main/AndroidManifest.xml:64:17-77
	android:name
		ADDED from src/main/AndroidManifest.xml:64:25-74
action#android.permission.WAKE_LOCK
ADDED from src/main/AndroidManifest.xml:65:17-71
	android:name
		ADDED from src/main/AndroidManifest.xml:65:25-68
intent-filter#action:name:android.intent.action.ASSIST+category:name:android.intent.category.DEFAULT
ADDED from src/main/AndroidManifest.xml:67:13-71:29
action#android.intent.action.ASSIST
ADDED from src/main/AndroidManifest.xml:68:17-71
	android:name
		ADDED from src/main/AndroidManifest.xml:68:25-68
intent-filter#action:name:android.intent.action.VOICE_COMMAND+category:name:android.intent.category.DEFAULT
ADDED from src/main/AndroidManifest.xml:72:13-76:29
	android:priority
		ADDED from src/main/AndroidManifest.xml:72:28-48
action#android.intent.action.VOICE_COMMAND
ADDED from src/main/AndroidManifest.xml:73:17-78
	android:name
		ADDED from src/main/AndroidManifest.xml:73:25-75
activity#com.houndify.sample.TextSearchActivity
ADDED from src/main/AndroidManifest.xml:78:9-56
	android:name
		ADDED from src/main/AndroidManifest.xml:78:19-53
activity#com.houndify.sample.TextSearchActivityNew
ADDED from src/main/AndroidManifest.xml:79:9-59
	android:name
		ADDED from src/main/AndroidManifest.xml:79:19-56
uses-sdk
INJECTED from src/main/AndroidManifest.xml reason: use-sdk injection requested
INJECTED from src/main/AndroidManifest.xml
INJECTED from src/main/AndroidManifest.xml
MERGED from [tk.zielony:carbon:0.16.0.1] AndroidManifest.xml:7:5-9:41
MERGED from [tk.zielony:carbon:0.16.0.1] AndroidManifest.xml:7:5-9:41
MERGED from [androidx.databinding:databinding-adapters:3.4.1] AndroidManifest.xml:22:5-44
MERGED from [androidx.databinding:databinding-adapters:3.4.1] AndroidManifest.xml:22:5-44
MERGED from [androidx.databinding:databinding-runtime:3.4.1] AndroidManifest.xml:22:5-44
MERGED from [androidx.databinding:databinding-runtime:3.4.1] AndroidManifest.xml:22:5-44
MERGED from [com.mapzen.android:speakerbox:1.4.1] AndroidManifest.xml:7:5-9:41
MERGED from [com.mapzen.android:speakerbox:1.4.1] AndroidManifest.xml:7:5-9:41
MERGED from [com.karumi:dexter:6.2.2] AndroidManifest.xml:22:5-24:41
MERGED from [com.karumi:dexter:6.2.2] AndroidManifest.xml:22:5-24:41
MERGED from [com.google.android.material:material:1.3.0] AndroidManifest.xml:20:5-44
MERGED from [com.google.android.material:material:1.3.0] AndroidManifest.xml:20:5-44
MERGED from [androidx.constraintlayout:constraintlayout:2.0.4] AndroidManifest.xml:5:5-7:41
MERGED from [androidx.constraintlayout:constraintlayout:2.0.4] AndroidManifest.xml:5:5-7:41
MERGED from [androidx.appcompat:appcompat:1.2.0] AndroidManifest.xml:20:5-22:41
MERGED from [androidx.appcompat:appcompat:1.2.0] AndroidManifest.xml:20:5-22:41
MERGED from [androidx.gridlayout:gridlayout:1.0.0] AndroidManifest.xml:20:5-44
MERGED from [androidx.gridlayout:gridlayout:1.0.0] AndroidManifest.xml:20:5-44
MERGED from [androidx.viewpager2:viewpager2:1.0.0] AndroidManifest.xml:20:5-22:41
MERGED from [androidx.viewpager2:viewpager2:1.0.0] AndroidManifest.xml:20:5-22:41
MERGED from [androidx.fragment:fragment:1.1.0] AndroidManifest.xml:20:5-22:41
MERGED from [androidx.fragment:fragment:1.1.0] AndroidManifest.xml:20:5-22:41
MERGED from [androidx.appcompat:appcompat-resources:1.2.0] AndroidManifest.xml:20:5-22:41
MERGED from [androidx.appcompat:appcompat-resources:1.2.0] AndroidManifest.xml:20:5-22:41
MERGED from [androidx.legacy:legacy-support-core-ui:1.0.0] AndroidManifest.xml:20:5-44
MERGED from [androidx.legacy:legacy-support-core-ui:1.0.0] AndroidManifest.xml:20:5-44
MERGED from [androidx.drawerlayout:drawerlayout:1.0.0] AndroidManifest.xml:20:5-44
MERGED from [androidx.drawerlayout:drawerlayout:1.0.0] AndroidManifest.xml:20:5-44
MERGED from [androidx.coordinatorlayout:coordinatorlayout:1.1.0] AndroidManifest.xml:20:5-22:41
MERGED from [androidx.coordinatorlayout:coordinatorlayout:1.1.0] AndroidManifest.xml:20:5-22:41
MERGED from [androidx.dynamicanimation:dynamicanimation:1.0.0] AndroidManifest.xml:20:5-44
MERGED from [androidx.dynamicanimation:dynamicanimation:1.0.0] AndroidManifest.xml:20:5-44
MERGED from [androidx.transition:transition:1.2.0] AndroidManifest.xml:20:5-22:41
MERGED from [androidx.transition:transition:1.2.0] AndroidManifest.xml:20:5-22:41
MERGED from [androidx.vectordrawable:vectordrawable-animated:1.1.0] AndroidManifest.xml:20:5-22:41
MERGED from [androidx.vectordrawable:vectordrawable-animated:1.1.0] AndroidManifest.xml:20:5-22:41
MERGED from [androidx.vectordrawable:vectordrawable:1.1.0] AndroidManifest.xml:20:5-22:41
MERGED from [androidx.vectordrawable:vectordrawable:1.1.0] AndroidManifest.xml:20:5-22:41
MERGED from [androidx.viewpager:viewpager:1.0.0] AndroidManifest.xml:20:5-44
MERGED from [androidx.viewpager:viewpager:1.0.0] AndroidManifest.xml:20:5-44
MERGED from [androidx.legacy:legacy-support-core-utils:1.0.0] AndroidManifest.xml:20:5-44
MERGED from [androidx.legacy:legacy-support-core-utils:1.0.0] AndroidManifest.xml:20:5-44
MERGED from [androidx.loader:loader:1.0.0] AndroidManifest.xml:20:5-44
MERGED from [androidx.loader:loader:1.0.0] AndroidManifest.xml:20:5-44
MERGED from [androidx.activity:activity:1.0.0] AndroidManifest.xml:20:5-22:41
MERGED from [androidx.activity:activity:1.0.0] AndroidManifest.xml:20:5-22:41
MERGED from [androidx.recyclerview:recyclerview:1.1.0] AndroidManifest.xml:20:5-22:41
MERGED from [androidx.recyclerview:recyclerview:1.1.0] AndroidManifest.xml:20:5-22:41
MERGED from [androidx.slidingpanelayout:slidingpanelayout:1.0.0] AndroidManifest.xml:20:5-44
MERGED from [androidx.slidingpanelayout:slidingpanelayout:1.0.0] AndroidManifest.xml:20:5-44
MERGED from [androidx.customview:customview:1.0.0] AndroidManifest.xml:20:5-44
MERGED from [androidx.customview:customview:1.0.0] AndroidManifest.xml:20:5-44
MERGED from [androidx.swiperefreshlayout:swiperefreshlayout:1.0.0] AndroidManifest.xml:20:5-44
MERGED from [androidx.swiperefreshlayout:swiperefreshlayout:1.0.0] AndroidManifest.xml:20:5-44
MERGED from [androidx.asynclayoutinflater:asynclayoutinflater:1.0.0] AndroidManifest.xml:20:5-44
MERGED from [androidx.asynclayoutinflater:asynclayoutinflater:1.0.0] AndroidManifest.xml:20:5-44
MERGED from [androidx.core:core:1.3.2] AndroidManifest.xml:20:5-22:41
MERGED from [androidx.core:core:1.3.2] AndroidManifest.xml:20:5-22:41
MERGED from [androidx.cardview:cardview:1.0.0] AndroidManifest.xml:20:5-44
MERGED from [androidx.cardview:cardview:1.0.0] AndroidManifest.xml:20:5-44
MERGED from [androidx.multidex:multidex:2.0.1] AndroidManifest.xml:20:5-43
MERGED from [androidx.multidex:multidex:2.0.1] AndroidManifest.xml:20:5-43
MERGED from [hound.android:hound-sdk:1.5.0] AndroidManifest.xml:6:5-8:41
MERGED from [hound.android:hound-sdk:1.5.0] AndroidManifest.xml:6:5-8:41
MERGED from [hound.android:hound-sdk-core:1.5.0] AndroidManifest.xml:6:5-8:41
MERGED from [hound.android:hound-sdk-core:1.5.0] AndroidManifest.xml:6:5-8:41
MERGED from [hound.android:phrasespotter:1.8.0] AndroidManifest.xml:7:5-9:41
MERGED from [hound.android:phrasespotter:1.8.0] AndroidManifest.xml:7:5-9:41
MERGED from [androidx.lifecycle:lifecycle-runtime:2.1.0] AndroidManifest.xml:20:5-44
MERGED from [androidx.lifecycle:lifecycle-runtime:2.1.0] AndroidManifest.xml:20:5-44
MERGED from [androidx.versionedparcelable:versionedparcelable:1.1.0] AndroidManifest.xml:20:5-22:41
MERGED from [androidx.versionedparcelable:versionedparcelable:1.1.0] AndroidManifest.xml:20:5-22:41
MERGED from [androidx.cursoradapter:cursoradapter:1.0.0] AndroidManifest.xml:20:5-44
MERGED from [androidx.cursoradapter:cursoradapter:1.0.0] AndroidManifest.xml:20:5-44
MERGED from [androidx.interpolator:interpolator:1.0.0] AndroidManifest.xml:20:5-44
MERGED from [androidx.interpolator:interpolator:1.0.0] AndroidManifest.xml:20:5-44
MERGED from [androidx.lifecycle:lifecycle-viewmodel:2.1.0] AndroidManifest.xml:20:5-44
MERGED from [androidx.lifecycle:lifecycle-viewmodel:2.1.0] AndroidManifest.xml:20:5-44
MERGED from [androidx.savedstate:savedstate:1.0.0] AndroidManifest.xml:20:5-22:41
MERGED from [androidx.savedstate:savedstate:1.0.0] AndroidManifest.xml:20:5-22:41
MERGED from [androidx.documentfile:documentfile:1.0.0] AndroidManifest.xml:20:5-44
MERGED from [androidx.documentfile:documentfile:1.0.0] AndroidManifest.xml:20:5-44
MERGED from [androidx.localbroadcastmanager:localbroadcastmanager:1.0.0] AndroidManifest.xml:20:5-44
MERGED from [androidx.localbroadcastmanager:localbroadcastmanager:1.0.0] AndroidManifest.xml:20:5-44
MERGED from [androidx.print:print:1.0.0] AndroidManifest.xml:20:5-44
MERGED from [androidx.print:print:1.0.0] AndroidManifest.xml:20:5-44
MERGED from [androidx.lifecycle:lifecycle-livedata:2.0.0] AndroidManifest.xml:20:5-44
MERGED from [androidx.lifecycle:lifecycle-livedata:2.0.0] AndroidManifest.xml:20:5-44
MERGED from [androidx.lifecycle:lifecycle-livedata-core:2.0.0] AndroidManifest.xml:20:5-44
MERGED from [androidx.lifecycle:lifecycle-livedata-core:2.0.0] AndroidManifest.xml:20:5-44
MERGED from [androidx.arch.core:core-runtime:2.0.0] AndroidManifest.xml:20:5-44
MERGED from [androidx.arch.core:core-runtime:2.0.0] AndroidManifest.xml:20:5-44
MERGED from [androidx.annotation:annotation-experimental:1.0.0] AndroidManifest.xml:20:5-22:41
MERGED from [androidx.annotation:annotation-experimental:1.0.0] AndroidManifest.xml:20:5-22:41
MERGED from [soundhound.android:speex:1.3.0] AndroidManifest.xml:7:5-9:41
MERGED from [soundhound.android:speex:1.3.0] AndroidManifest.xml:7:5-9:41
MERGED from [soundhound.android:ogg-opus-encoder:1.0.0] AndroidManifest.xml:7:5-9:41
MERGED from [soundhound.android:ogg-opus-encoder:1.0.0] AndroidManifest.xml:7:5-9:41
MERGED from [soundhound.android:vad:1.2.0] AndroidManifest.xml:7:5-9:41
MERGED from [soundhound.android:vad:1.2.0] AndroidManifest.xml:7:5-9:41
INJECTED from src/main/AndroidManifest.xml
INJECTED from src/main/AndroidManifest.xml
	android:targetSdkVersion
		INJECTED from src/main/AndroidManifest.xml
		ADDED from src/main/AndroidManifest.xml
		INJECTED from src/main/AndroidManifest.xml
	android:minSdkVersion
		INJECTED from src/main/AndroidManifest.xml
		ADDED from src/main/AndroidManifest.xml
		INJECTED from src/main/AndroidManifest.xml
activity#com.karumi.dexter.DexterActivity
ADDED from [com.karumi:dexter:6.2.2] AndroidManifest.xml:27:9-29:72
	android:theme
		ADDED from [com.karumi:dexter:6.2.2] AndroidManifest.xml:29:13-69
	android:name
		ADDED from [com.karumi:dexter:6.2.2] AndroidManifest.xml:28:13-60
activity#com.hound.android.fd.HoundifyVoiceSearchActivity
ADDED from [hound.android:hound-sdk:1.5.0] AndroidManifest.xml:11:9-13:56
	android:theme
		ADDED from [hound.android:hound-sdk:1.5.0] AndroidManifest.xml:13:13-53
	android:name
		ADDED from [hound.android:hound-sdk:1.5.0] AndroidManifest.xml:12:13-76
uses-permission#android.permission.ACCESS_WIFI_STATE
ADDED from [hound.android:hound-sdk-core:1.5.0] AndroidManifest.xml:11:5-76
	android:name
		ADDED from [hound.android:hound-sdk-core:1.5.0] AndroidManifest.xml:11:22-73